<?xml version="1.0" encoding="UTF-8"?>
<!-- Generated by org.testng.reporters.JUnitReportReporter -->
<testsuite hostname="DESKTOP-GR5B845" failures="0" tests="1" name="testpages.SigninTest" time="111.625" errors="0" timestamp="2023-06-05T10:22:18 IST" skipped="0">
  <testcase classname="testpages.SigninTest" name="doLogin" time="111.625"/>
  <system-out/>
</testsuite> <!-- testpages.SigninTest -->
