<?xml version="1.0" encoding="UTF-8"?>
<!-- Generated by org.testng.reporters.JUnitReportReporter -->
<testsuite hostname="tOMARdHARAM" failures="0" tests="1" name="testpages.IntTest" time="18.932" errors="0" timestamp="2023-05-15T15:31:16 IST" skipped="0">
  <testcase classname="testpages.IntTest" name="interestcalculater" time="18.932"/>
  <system-out/>
</testsuite> <!-- testpages.IntTest -->
