<?xml version="1.0" encoding="UTF-8"?>
<!-- Generated by org.testng.reporters.JUnitReportReporter -->
<testsuite hostname="DESKTOP-GR5B845" failures="0" tests="1" name="testpages.ZohoAppTest" time="68.893" errors="0" timestamp="2023-06-05T08:56:35 IST" skipped="0">
  <testcase classname="testpages.ZohoAppTest" name="zohoapps" time="68.893"/>
  <system-out/>
</testsuite> <!-- testpages.ZohoAppTest -->
